<?xml version="1.0" encoding="utf-8"?><testsuites name="pytest tests"><testsuite name="pytest" errors="0" failures="0" skipped="0" tests="106" time="3.320" timestamp="2026-09-21T08:07:12.633116+05:30" hostname="Suryas-MacBook-Air.local"><testcase classname="tests.e2e.test_full_journey" name="test_three_pocs_share_one_controlled_runtime" time="0.012" /><testcase classname="tests.e2e.test_full_journey" name="test_bounded_fake_assistant_never_becomes_authority" time="0.007" /><testcase classname="tests.integration.test_poc1_identity_readiness" name="test_identity_conflict_does_not_link_until_exact_authorized_approval" time="0.001" /><testcase classname="tests.integration.test_poc1_identity_readiness" name="test_identity_proposal_requires_multiple_evidence_items" time="0.001" /><testcase classname="tests.integration.test_poc1_identity_readiness" name="test_withdrawn_consent_blocks_pre_collection" time="0.001" /><testcase classname="tests.integration.test_poc2_slot_orchestration" name="test_same_command_replays_without_duplicate_effect" time="0.001" /><testcase classname="tests.integration.test_poc2_slot_orchestration" name="test_changed_payload_with_same_key_conflicts_without_effect" time="0.001" /><testcase classname="tests.integration.test_poc2_slot_orchestration" name="test_timeout_after_success_requires_reconciliation_and_never_redispatches" time="0.001" /><testcase classname="tests.integration.test_poc2_slot_orchestration" name="test_partial_effect_is_compensated_explicitly" time="0.001" /><testcase classname="tests.integration.test_poc2_slot_orchestration" name="test_concurrent_identical_requests_have_one_external_effect" time="0.002" /><testcase classname="tests.integration.test_poc3_quality_release" name="test_mes_and_erp_cannot_establish_quality_release" time="0.001" /><testcase classname="tests.integration.test_poc3_quality_release" name="test_only_quality_authority_can_release_complete_packet" time="0.001" /><testcase classname="tests.integration.test_poc3_quality_release" name="test_oos_without_disposition_blocks_release" time="0.001" /><testcase classname="tests.integration.test_poc3_quality_release" name="test_ambiguous_thermal_evidence_is_unknown_and_blocks_release" time="0.001" /><testcase classname="tests.integration.test_poc3_quality_release" name="test_release_replay_does_not_create_second_event" time="0.001" /><testcase classname="tests.integration.test_poc3_quality_release" name="test_release_enforces_configured_separation_of_duties" time="0.001" /><testcase classname="tests.performance_test" name="test_deterministic_projection_p95_is_below_local_poc_threshold" time="0.010" /><testcase classname="tests.recovery_test" name="test_backup_restore_preserves_state_digest" time="0.009" /><testcase classname="tests.test_api_surface" name="test_api_exposes_health_and_bounded_poc_routes" time="0.025" /><testcase classname="tests.test_api_surface" name="test_control_tower_status_is_honest_about_scope" time="0.010" /><testcase classname="tests.test_api_surface" name="test_control_tower_executes_all_three_pocs" time="0.014" /><testcase classname="tests.test_api_surface" name="test_control_tower_page_is_packaged" time="0.012" /><testcase classname="tests.test_api_surface" name="test_read_only_v2_source_routes_are_explicitly_non_authoritative" time="0.106" /><testcase classname="tests.test_api_surface" name="test_pydantic_rejects_unapproved_ai_mode_and_missing_reservation_fields" time="0.009" /><testcase classname="tests.test_api_surface" name="test_mutating_route_uses_server_side_bearer_identity_not_role_headers" time="0.009" /><testcase classname="tests.test_api_surface" name="test_mutating_route_fails_closed_when_no_demo_identity_is_configured" time="0.008" /><testcase classname="tests.test_api_surface" name="test_demo_identity_configuration_is_loaded_from_environment" time="0.000" /><testcase classname="tests.test_api_surface" name="test_demo_identity_configuration_rejects_malformed_claims[not-json-valid JSON]" time="0.000" /><testcase classname="tests.test_api_surface" name="test_demo_identity_configuration_rejects_malformed_claims[[]-token-to-identity object]" time="0.000" /><testcase classname="tests.test_api_surface" name="test_demo_identity_configuration_rejects_malformed_claims[{&quot;&quot;: {}}-non-empty token]" time="0.000" /><testcase classname="tests.test_api_surface" name="test_demo_identity_configuration_rejects_malformed_claims[{&quot;token&quot;: {&quot;subject&quot;: 7, &quot;roles&quot;: [&quot;PLANNER&quot;]}}-subject and string roles]" time="0.000" /><testcase classname="tests.test_api_surface" name="test_demo_identity_configuration_rejects_malformed_claims[{&quot;token&quot;: {&quot;subject&quot;: &quot;planner&quot;, &quot;roles&quot;: [&quot;PLANNER&quot;], &quot;scopes&quot;: &quot;*&quot;}}-list of strings]" time="0.000" /><testcase classname="tests.test_api_surface" name="test_api_translates_source_failures_to_bounded_http_errors" time="0.009" /><testcase classname="tests.test_api_surface" name="test_api_reports_missing_commands_and_forbidden_reservations" time="0.008" /><testcase classname="tests.test_artifact_register" name="test_each_pdf_essential_artifact_has_a_unique_canonical_row_and_valid_path" time="0.002" /><testcase classname="tests.test_artifact_register" name="test_prd_is_identified_as_a_training_extra_not_a_pdf_essential_artifact" time="0.000" /><testcase classname="tests.test_assistant_config_registry" name="test_assistant_registry_matches_allowed_runtime_modes_and_has_no_live_provider" time="0.000" /><testcase classname="tests.test_cli" name="test_cli_init_and_backup" time="0.005" /><testcase classname="tests.test_cli" name="test_cli_demo" time="0.008" /><testcase classname="tests.test_cli" name="test_cli_evaluate" time="0.430" /><testcase classname="tests.test_cli" name="test_cli_invalid_command_exits_nonzero" time="0.001" /><testcase classname="tests.test_contracts" name="test_machine_readable_contracts_are_strict_and_versioned" time="0.002" /><testcase classname="tests.test_contracts" name="test_recommendation_contract_has_no_authority_or_execution_fields" time="0.000" /><testcase classname="tests.test_data_knowledge_profile" name="test_profile_has_expected_evidence_population" time="0.000" /><testcase classname="tests.test_data_knowledge_profile" name="test_all_profiled_csv_hashes_match_immutable_baseline" time="0.003" /><testcase classname="tests.test_data_knowledge_profile" name="test_only_relationship_issue_is_broken_deviation_event_links" time="0.000" /><testcase classname="tests.test_data_knowledge_profile" name="test_transport_event_ids_are_unique_but_semantic_retries_exist" time="0.000" /><testcase classname="tests.test_data_knowledge_profile" name="test_known_nulls_are_preserved_for_contextual_interpretation" time="0.000" /><testcase classname="tests.test_data_knowledge_profile" name="test_shadow_email_headers_are_present_but_content_remains_untrusted" time="0.000" /><testcase classname="tests.test_disruption_preview" name="test_all_ten_source_injects_are_listed_without_execution" time="0.147" /><testcase classname="tests.test_disruption_preview" name="test_apheresis_delay_shows_source_backed_cascade_but_no_approved_forecast" time="0.015" /><testcase classname="tests.test_disruption_preview" name="test_suite_outage_marks_source_slots_as_exception_preview_not_actual_mutation" time="0.016" /><testcase classname="tests.test_disruption_preview" name="test_courier_disruption_identifies_outbound_and_return_without_delivery_assurance" time="0.015" /><testcase classname="tests.test_disruption_preview" name="test_qualification_and_payer_injects_keep_unsupplied_authority_times_unknown" time="0.030" /><testcase classname="tests.test_domain_spec" name="test_domain_spec_is_internally_consistent" time="0.001" /><testcase classname="tests.test_domain_spec" name="test_quality_release_cannot_be_created_by_mes_or_erp_event" time="0.000" /><testcase classname="tests.test_domain_spec" name="test_recommendation_is_not_a_state_transition" time="0.000" /><testcase classname="tests.test_domain_spec" name="test_identity_approval_requires_authority" time="0.000" /><testcase classname="tests.test_domain_spec" name="test_idempotency_conflict_is_terminal_before_dispatch" time="0.000" /><testcase classname="tests.test_evaluation_catalog" name="test_catalog_counts_and_unique_ids" time="0.000" /><testcase classname="tests.test_evaluation_catalog" name="test_no_case_claims_an_unrun_result" time="0.000" /><testcase classname="tests.test_evaluation_catalog" name="test_supplied_evaluation_records_are_preserved_exactly" time="0.000" /><testcase classname="tests.test_evaluation_catalog" name="test_supplied_inject_records_are_preserved_exactly" time="0.000" /><testcase classname="tests.test_evaluation_catalog" name="test_all_p0_cases_have_traceability_and_safe_failure_assertions" time="0.000" /><testcase classname="tests.test_evaluation_catalog" name="test_extension_covers_ai_human_resilience_and_security" time="0.000" /><testcase classname="tests.test_evaluation_execution" name="test_frozen_catalog_executes_without_structural_failures" time="0.413" /><testcase classname="tests.test_evaluation_execution" name="test_only_external_human_factor_cases_are_inconclusive" time="0.408" /><testcase classname="tests.test_evaluation_execution" name="test_report_never_lists_an_unverified_expected_property_as_a_check" time="0.420" /><testcase classname="tests.test_evidence_integrity" name="test_every_extracted_source_file_matches_frozen_zip_inventory" time="0.016" /><testcase classname="tests.test_evidence_integrity" name="test_frozen_zip_identity_is_the_expected_challenge_baseline" time="0.000" /><testcase classname="tests.test_option_spikes" name="test_semantic_idempotency_accepts_once_and_replays_without_dispatch" time="0.000" /><testcase classname="tests.test_option_spikes" name="test_unknown_external_outcome_is_not_retryable" time="0.000" /><testcase classname="tests.test_option_spikes" name="test_mes_and_erp_cannot_create_quality_release" time="0.000" /><testcase classname="tests.test_option_spikes" name="test_authorized_evidence_bearing_qms_event_can_create_quality_release" time="0.000" /><testcase classname="tests.test_option_spikes" name="test_bitemporal_view_does_not_rewrite_what_was_known" time="0.000" /><testcase classname="tests.test_option_spikes" name="test_ai_disabled_and_model_outage_preserve_deterministic_context" time="0.000" /><testcase classname="tests.test_option_spikes" name="test_prompt_injection_cannot_supply_an_authority_field" time="0.000" /><testcase classname="tests.test_option_spikes" name="test_ai_cannot_cite_evidence_outside_supplied_context" time="0.000" /><testcase classname="tests.test_release_manifest" name="test_release_manifest_binds_source_contracts_catalog_and_requirements" time="0.001" /><testcase classname="tests.test_release_manifest" name="test_aibom_explicitly_has_no_live_model" time="0.000" /><testcase classname="tests.test_solution_options" name="test_option_weights_total_one_hundred_and_scores_are_bounded" time="0.000" /><testcase classname="tests.test_solution_options" name="test_o3_is_recommended_and_has_best_score_among_safe_capstone_options" time="0.000" /><testcase classname="tests.test_solution_options" name="test_an_option_cannot_win_on_weighted_score_after_failing_safety" time="0.000" /><testcase classname="tests.test_source_cases" name="test_all_six_supplied_v2_cases_are_read_only_and_source_located" time="0.223" /><testcase classname="tests.test_source_cases" name="test_supplied_conflicts_and_authority_stimuli_are_not_adjudicated" time="0.196" /><testcase classname="tests.test_source_cases" name="test_normal_case_declared_lineage_is_not_misreported_as_identity_proof" time="0.035" /><testcase classname="tests.test_source_cases" name="test_six_patient_timestamp_reconstructions_are_source_order_only" time="0.228" /><testcase classname="tests.test_source_cases" name="test_temporal_conflict_and_consent_blocker_survive_timestamp_sorting" time="0.107" /><testcase classname="tests.unit.test_assistant" name="test_ai_off_is_useful_deterministic_fallback" time="0.001" /><testcase classname="tests.unit.test_assistant" name="test_model_outage_falls_back" time="0.001" /><testcase classname="tests.unit.test_assistant" name="test_valid_fake_is_separate_non_binding_recommendation" time="0.001" /><testcase classname="tests.unit.test_assistant" name="test_prompt_injection_authority_field_is_rejected" time="0.001" /><testcase classname="tests.unit.test_assistant" name="test_unknown_evidence_citation_is_rejected" time="0.001" /><testcase classname="tests.unit.test_audit" name="test_audit_chain_verifies_and_detects_tampering" time="0.001" /><testcase classname="tests.unit.test_authorization" name="test_body_claim_cannot_expand_server_principal_role" time="0.001" /><testcase classname="tests.unit.test_authorization" name="test_cross_scope_access_is_denied" time="0.000" /><testcase classname="tests.unit.test_authorization" name="test_missing_principal_is_denied" time="0.000" /><testcase classname="tests.unit.test_cases" name="test_p0_case_requires_owner_and_evidence" time="0.001" /><testcase classname="tests.unit.test_cases" name="test_illegal_case_transition_is_rejected" time="0.001" /><testcase classname="tests.unit.test_evidence" name="test_material_event_requires_evidence" time="0.000" /><testcase classname="tests.unit.test_evidence" name="test_evidence_digest_and_source_are_preserved" time="0.000" /><testcase classname="tests.unit.test_evidence" name="test_unknown_evidence_cannot_back_assertion" time="0.000" /><testcase classname="tests.unit.test_readiness" name="test_missing_milestone_prerequisite_is_unknown_and_fail_closed" time="0.000" /><testcase classname="tests.unit.test_readiness" name="test_explicit_not_satisfied_dominates_unknown" time="0.000" /><testcase classname="tests.unit.test_telemetry" name="test_metric_accumulates_count_total_and_last" time="0.000" /><testcase classname="tests.unit.test_temporal" name="test_late_evidence_does_not_rewrite_known_at_view" time="0.001" /></testsuite></testsuites>